<?xml version="1.0" encoding="UTF-8"?>
<testsuite xmlns:xsi="http://www.w3.org/2001/XMLSchema-instance" xsi:noNamespaceSchemaLocation="https://maven.apache.org/surefire/maven-surefire-plugin/xsd/surefire-test-report-3.0.xsd" version="3.0" name="fi.tuni.prog3.junitattainment.AttainmentTest" time="0.031" tests="6" errors="0" skipped="0" failures="0">
  <properties>
    <property name="java.specification.version" value="17"/>
    <property name="sun.jnu.encoding" value="UTF-8"/>
    <property name="java.class.path" value="/Users/anhminh10a2hoa/Desktop/tuni/COMP.CS.140/brmiho/round11/junitattainment/target/test-classes:/Users/anhminh10a2hoa/Desktop/tuni/COMP.CS.140/brmiho/round11/junitattainment/target/classes:/Users/anhminh10a2hoa/.m2/repository/org/junit/jupiter/junit-jupiter-api/5.6.0/junit-jupiter-api-5.6.0.jar:/Users/anhminh10a2hoa/.m2/repository/org/apiguardian/apiguardian-api/1.1.0/apiguardian-api-1.1.0.jar:/Users/anhminh10a2hoa/.m2/repository/org/opentest4j/opentest4j/1.2.0/opentest4j-1.2.0.jar:/Users/anhminh10a2hoa/.m2/repository/org/junit/platform/junit-platform-commons/1.6.0/junit-platform-commons-1.6.0.jar:/Users/anhminh10a2hoa/.m2/repository/org/junit/jupiter/junit-jupiter-params/5.6.0/junit-jupiter-params-5.6.0.jar:/Users/anhminh10a2hoa/.m2/repository/org/junit/jupiter/junit-jupiter-engine/5.6.0/junit-jupiter-engine-5.6.0.jar:/Users/anhminh10a2hoa/.m2/repository/org/junit/platform/junit-platform-engine/1.6.0/junit-platform-engine-1.6.0.jar:"/>
    <property name="java.vm.vendor" value="Oracle Corporation"/>
    <property name="sun.arch.data.model" value="64"/>
    <property name="java.vendor.url" value="https://java.oracle.com/"/>
    <property name="os.name" value="Mac OS X"/>
    <property name="java.vm.specification.version" value="17"/>
    <property name="sun.java.launcher" value="SUN_STANDARD"/>
    <property name="user.country" value="FI"/>
    <property name="sun.boot.library.path" value="/Library/Java/JavaVirtualMachines/jdk-17.jdk/Contents/Home/lib"/>
    <property name="sun.java.command" value="/Users/anhminh10a2hoa/Desktop/tuni/COMP.CS.140/brmiho/round11/junitattainment/target/surefire/surefirebooter-20231101040046677_3.jar /Users/anhminh10a2hoa/Desktop/tuni/COMP.CS.140/brmiho/round11/junitattainment/target/surefire 2023-11-01T04-00-46_634-jvmRun1 surefire-20231101040046677_1tmp surefire_0-20231101040046677_2tmp"/>
    <property name="http.nonProxyHosts" value="local|*.local|169.254/16|*.169.254/16"/>
    <property name="jdk.debug" value="release"/>
    <property name="surefire.test.class.path" value="/Users/anhminh10a2hoa/Desktop/tuni/COMP.CS.140/brmiho/round11/junitattainment/target/test-classes:/Users/anhminh10a2hoa/Desktop/tuni/COMP.CS.140/brmiho/round11/junitattainment/target/classes:/Users/anhminh10a2hoa/.m2/repository/org/junit/jupiter/junit-jupiter-api/5.6.0/junit-jupiter-api-5.6.0.jar:/Users/anhminh10a2hoa/.m2/repository/org/apiguardian/apiguardian-api/1.1.0/apiguardian-api-1.1.0.jar:/Users/anhminh10a2hoa/.m2/repository/org/opentest4j/opentest4j/1.2.0/opentest4j-1.2.0.jar:/Users/anhminh10a2hoa/.m2/repository/org/junit/platform/junit-platform-commons/1.6.0/junit-platform-commons-1.6.0.jar:/Users/anhminh10a2hoa/.m2/repository/org/junit/jupiter/junit-jupiter-params/5.6.0/junit-jupiter-params-5.6.0.jar:/Users/anhminh10a2hoa/.m2/repository/org/junit/jupiter/junit-jupiter-engine/5.6.0/junit-jupiter-engine-5.6.0.jar:/Users/anhminh10a2hoa/.m2/repository/org/junit/platform/junit-platform-engine/1.6.0/junit-platform-engine-1.6.0.jar:"/>
    <property name="sun.cpu.endian" value="little"/>
    <property name="user.home" value="/Users/anhminh10a2hoa"/>
    <property name="user.language" value="en"/>
    <property name="java.specification.vendor" value="Oracle Corporation"/>
    <property name="java.version.date" value="2023-07-18"/>
    <property name="java.home" value="/Library/Java/JavaVirtualMachines/jdk-17.jdk/Contents/Home"/>
    <property name="file.separator" value="/"/>
    <property name="basedir" value="/Users/anhminh10a2hoa/Desktop/tuni/COMP.CS.140/brmiho/round11/junitattainment"/>
    <property name="java.vm.compressedOopsMode" value="Zero based"/>
    <property name="line.separator" value="&#10;"/>
    <property name="java.specification.name" value="Java Platform API Specification"/>
    <property name="java.vm.specification.vendor" value="Oracle Corporation"/>
    <property name="surefire.real.class.path" value="/Users/anhminh10a2hoa/Desktop/tuni/COMP.CS.140/brmiho/round11/junitattainment/target/surefire/surefirebooter-20231101040046677_3.jar"/>
    <property name="sun.management.compiler" value="HotSpot 64-Bit Tiered Compilers"/>
    <property name="ftp.nonProxyHosts" value="local|*.local|169.254/16|*.169.254/16"/>
    <property name="java.runtime.version" value="17.0.8+9-LTS-211"/>
    <property name="user.name" value="anhminh10a2hoa"/>
    <property name="path.separator" value=":"/>
    <property name="os.version" value="12.0.1"/>
    <property name="java.runtime.name" value="Java(TM) SE Runtime Environment"/>
    <property name="file.encoding" value="UTF-8"/>
    <property name="java.vm.name" value="Java HotSpot(TM) 64-Bit Server VM"/>
    <property name="localRepository" value="/Users/anhminh10a2hoa/.m2/repository"/>
    <property name="java.vendor.url.bug" value="https://bugreport.java.com/bugreport/"/>
    <property name="java.io.tmpdir" value="/var/folders/hp/tbd6g_x15c74gv1fh1f29x5c0000gn/T/"/>
    <property name="java.version" value="17.0.8"/>
    <property name="user.dir" value="/Users/anhminh10a2hoa/Desktop/tuni/COMP.CS.140/brmiho/round11/junitattainment"/>
    <property name="os.arch" value="aarch64"/>
    <property name="java.vm.specification.name" value="Java Virtual Machine Specification"/>
    <property name="native.encoding" value="UTF-8"/>
    <property name="java.library.path" value="/Users/anhminh10a2hoa/Library/Java/Extensions:/Library/Java/Extensions:/Network/Library/Java/Extensions:/System/Library/Java/Extensions:/usr/lib/java:."/>
    <property name="java.vm.info" value="mixed mode, sharing"/>
    <property name="java.vendor" value="Oracle Corporation"/>
    <property name="java.vm.version" value="17.0.8+9-LTS-211"/>
    <property name="sun.io.unicode.encoding" value="UnicodeBig"/>
    <property name="socksNonProxyHosts" value="local|*.local|169.254/16|*.169.254/16"/>
    <property name="java.class.version" value="61.0"/>
  </properties>
  <testcase name="whenExceptionThrown" classname="fi.tuni.prog3.junitattainment.AttainmentTest" time="0.009">
    <system-out><![CDATA[whenExceptionThrown
Invalid course code, student number or grade!
]]></system-out>
  </testcase>
  <testcase name="testGetGrade" classname="fi.tuni.prog3.junitattainment.AttainmentTest" time="0.001">
    <system-out><![CDATA[getGrade
]]></system-out>
  </testcase>
  <testcase name="testToString" classname="fi.tuni.prog3.junitattainment.AttainmentTest" time="0.006">
    <system-out><![CDATA[toString
]]></system-out>
  </testcase>
  <testcase name="testCompareTo" classname="fi.tuni.prog3.junitattainment.AttainmentTest" time="0.0">
    <system-out><![CDATA[compareTo
]]></system-out>
  </testcase>
  <testcase name="testGetCourseCode" classname="fi.tuni.prog3.junitattainment.AttainmentTest" time="0.0">
    <system-out><![CDATA[getCourseCode
]]></system-out>
  </testcase>
  <testcase name="testGetStudentNumber" classname="fi.tuni.prog3.junitattainment.AttainmentTest" time="0.001">
    <system-out><![CDATA[getStudentNumber
]]></system-out>
  </testcase>
</testsuite>